<?xml version="1.0" encoding="UTF-8"?>
<!-- Generated by org.testng.reporters.JUnitReportReporter -->
<testsuite hostname="vaio-VAIO" name="hcl.Hybrid.LoginPage.TestDataDriverScript" tests="10" failures="0" timestamp="16 Dec 2017 07:45:07 GMT" time="0.031" errors="0">
  <testcase name="testLogin1" time="0.003" classname="hcl.Hybrid.LoginPage.TestDataDriverScript"/>
  <testcase name="testLogin" time="0.003" classname="hcl.Hybrid.LoginPage.TestDataDriverScript"/>
  <testcase name="testLogin" time="0.007" classname="hcl.Hybrid.LoginPage.TestDataDriverScript"/>
  <testcase name="testLogin" time="0.002" classname="hcl.Hybrid.LoginPage.TestDataDriverScript"/>
  <testcase name="testLogin" time="0.005" classname="hcl.Hybrid.LoginPage.TestDataDriverScript"/>
  <testcase name="testLogin1" time="0.002" classname="hcl.Hybrid.LoginPage.TestDataDriverScript"/>
  <testcase name="testLogin1" time="0.003" classname="hcl.Hybrid.LoginPage.TestDataDriverScript"/>
  <testcase name="testLogin" time="0.002" classname="hcl.Hybrid.LoginPage.TestDataDriverScript"/>
  <testcase name="testLogin" time="0.002" classname="hcl.Hybrid.LoginPage.TestDataDriverScript"/>
  <testcase name="testLogin" time="0.002" classname="hcl.Hybrid.LoginPage.TestDataDriverScript"/>
</testsuite>
