<?xml version="1.0" encoding="UTF-8"?>
<!-- Generated by org.testng.reporters.JUnitReportReporter -->
<testsuite hostname="vaio-VAIO" name="hcl.Hybrid.LoginPage.LoginTest" tests="1" failures="0" timestamp="14 Jan 2018 12:16:09 GMT" time="45.122" errors="0">
  <testcase name="loginApp" time="45.122" classname="hcl.Hybrid.LoginPage.LoginTest"/>
</testsuite>
